<?xml version="1.0" encoding="UTF-8"?>
<testsuite name="com.smmpanel.service.order.OrderProcessingServiceTest" tests="2" skipped="0" failures="1" errors="0" timestamp="2025-07-27T12:02:58" hostname="VALERIA" time="2.184">
  <properties/>
  <testcase name="createOrder_WithValidRequest_ShouldCreateOrder()" classname="com.smmpanel.service.order.OrderProcessingServiceTest" time="2.151">
    <failure message="com.smmpanel.exception.OrderValidationException: Invalid API key" type="com.smmpanel.exception.OrderValidationException">com.smmpanel.exception.OrderValidationException: Invalid API key
	at app//com.smmpanel.service.OrderService.lambda$createOrderWithApiKey$0(OrderService.java:51)
	at java.base@17.0.12/java.util.Optional.orElseThrow(Optional.java:403)
	at app//com.smmpanel.service.OrderService.createOrderWithApiKey(OrderService.java:51)
	at app//com.smmpanel.service.OrderService.createOrder(OrderService.java:331)
	at app//com.smmpanel.service.OrderService.createOrder(OrderService.java:341)
	at app//com.smmpanel.service.order.OrderProcessingServiceTest.createOrder_WithValidRequest_ShouldCreateOrder(OrderProcessingServiceTest.java:114)
	at java.base@17.0.12/java.lang.reflect.Method.invoke(Method.java:568)
	at java.base@17.0.12/java.util.ArrayList.forEach(ArrayList.java:1511)
	at java.base@17.0.12/java.util.ArrayList.forEach(ArrayList.java:1511)
</failure>
  </testcase>
  <testcase name="createOrder_WithValidationErrors_ShouldThrowException()" classname="com.smmpanel.service.order.OrderProcessingServiceTest" time="0.025"/>
  <system-out><![CDATA[15:03:00.287 [Test worker] INFO com.smmpanel.service.OrderService -- Creating order with API key for service: 1, quantity: 1000
15:03:00.296 [Test worker] ERROR com.smmpanel.service.OrderService -- Failed to create order with API key: Invalid API key
15:03:00.349 [Test worker] INFO com.smmpanel.service.OrderService -- Creating order with API key for service: 1, quantity: 50
15:03:00.350 [Test worker] ERROR com.smmpanel.service.OrderService -- Failed to create order with API key: Invalid API key
]]></system-out>
  <system-err><![CDATA[]]></system-err>
</testsuite>
