<?xml version="1.0" encoding="UTF-8"?>
<testsuite name="com.smmpanel.service.CurrencyConversionServiceTest" tests="9" skipped="0" failures="0" errors="0" timestamp="2025-07-27T12:03:03" hostname="VALERIA" time="0.081">
  <properties/>
  <testcase name="convert_SameCurrency_ReturnsSameAmount()" classname="com.smmpanel.service.CurrencyConversionServiceTest" time="0.037"/>
  <testcase name="convert_WithFormatting_ReturnsFormattedAmount()" classname="com.smmpanel.service.CurrencyConversionServiceTest" time="0.008"/>
  <testcase name="convertAndFormatForUser_SameCurrency_ReturnsFormattedAmount()" classname="com.smmpanel.service.CurrencyConversionServiceTest" time="0.005"/>
  <testcase name="convert_UnsupportedCurrency_ThrowsException()" classname="com.smmpanel.service.CurrencyConversionServiceTest" time="0.005"/>
  <testcase name="formatForUser_ValidInput_ReturnsFormattedString()" classname="com.smmpanel.service.CurrencyConversionServiceTest" time="0.004"/>
  <testcase name="convertAndFormatForUser_DifferentCurrencies_ReturnsConvertedAndFormatted()" classname="com.smmpanel.service.CurrencyConversionServiceTest" time="0.005"/>
  <testcase name="formatCurrency_ValidInput_ReturnsFormattedString()" classname="com.smmpanel.service.CurrencyConversionServiceTest" time="0.004"/>
  <testcase name="convert_DifferentCurrencies_ReturnsConvertedAmount()" classname="com.smmpanel.service.CurrencyConversionServiceTest" time="0.004"/>
  <testcase name="getExchangeRate_ReturnsCorrectRate()" classname="com.smmpanel.service.CurrencyConversionServiceTest" time="0.003"/>
  <system-out><![CDATA[]]></system-out>
  <system-err><![CDATA[]]></system-err>
</testsuite>
