<?xml version="1.0" encoding="UTF-8"?>
<testsuite name="com.smmpanel.service.OfferAssignmentServiceTest" tests="6" skipped="0" failures="2" errors="0" timestamp="2025-07-28T03:03:28" hostname="VALERIA" time="2.982">
  <properties/>
  <testcase name="testAssignmentStatusManagement()" classname="com.smmpanel.service.OfferAssignmentServiceTest" time="2.776"/>
  <testcase name="testSuccessfulOfferAssignment()" classname="com.smmpanel.service.OfferAssignmentServiceTest" time="0.084">
    <failure message="org.mockito.exceptions.misusing.InvalidUseOfMatchersException: &#10;Invalid use of argument matchers!&#10;3 matchers expected, 2 recorded:&#10;-&gt; at com.smmpanel.service.OfferAssignmentServiceTest.testSuccessfulOfferAssignment(OfferAssignmentServiceTest.java:74)&#10;-&gt; at com.smmpanel.service.OfferAssignmentServiceTest.testSuccessfulOfferAssignment(OfferAssignmentServiceTest.java:74)&#10;&#10;This exception may occur if matchers are combined with raw values:&#10;    //incorrect:&#10;    someMethod(any(), &quot;raw String&quot;);&#10;When using matchers, all arguments have to be provided by matchers.&#10;For example:&#10;    //correct:&#10;    someMethod(any(), eq(&quot;String by matcher&quot;));&#10;&#10;For more info see javadoc for Matchers class.&#10;" type="org.mockito.exceptions.misusing.InvalidUseOfMatchersException">org.mockito.exceptions.misusing.InvalidUseOfMatchersException: 
Invalid use of argument matchers!
3 matchers expected, 2 recorded:
-&gt; at com.smmpanel.service.OfferAssignmentServiceTest.testSuccessfulOfferAssignment(OfferAssignmentServiceTest.java:74)
-&gt; at com.smmpanel.service.OfferAssignmentServiceTest.testSuccessfulOfferAssignment(OfferAssignmentServiceTest.java:74)

This exception may occur if matchers are combined with raw values:
    //incorrect:
    someMethod(any(), &quot;raw String&quot;);
When using matchers, all arguments have to be provided by matchers.
For example:
    //correct:
    someMethod(any(), eq(&quot;String by matcher&quot;));

For more info see javadoc for Matchers class.

	at app//com.smmpanel.service.BinomService.assignOfferToCampaign(BinomService.java:313)
	at app//com.smmpanel.service.OfferAssignmentServiceTest.testSuccessfulOfferAssignment(OfferAssignmentServiceTest.java:74)
	at java.base@17.0.12/java.lang.reflect.Method.invoke(Method.java:568)
	at java.base@17.0.12/java.util.ArrayList.forEach(ArrayList.java:1511)
	at java.base@17.0.12/java.util.ArrayList.forEach(ArrayList.java:1511)
</failure>
  </testcase>
  <testcase name="testGetAssignedCampaigns()" classname="com.smmpanel.service.OfferAssignmentServiceTest" time="0.045"/>
  <testcase name="testOfferAssignmentWithNoActiveCampaigns()" classname="com.smmpanel.service.OfferAssignmentServiceTest" time="0.034"/>
  <testcase name="testValidationMethods()" classname="com.smmpanel.service.OfferAssignmentServiceTest" time="0.018">
    <failure message="org.opentest4j.AssertionFailedError: expected: &lt;true&gt; but was: &lt;false&gt;" type="org.opentest4j.AssertionFailedError">org.opentest4j.AssertionFailedError: expected: &lt;true&gt; but was: &lt;false&gt;
	at app//org.junit.jupiter.api.AssertionFailureBuilder.build(AssertionFailureBuilder.java:151)
	at app//org.junit.jupiter.api.AssertionFailureBuilder.buildAndThrow(AssertionFailureBuilder.java:132)
	at app//org.junit.jupiter.api.AssertTrue.failNotTrue(AssertTrue.java:63)
	at app//org.junit.jupiter.api.AssertTrue.assertTrue(AssertTrue.java:36)
	at app//org.junit.jupiter.api.AssertTrue.assertTrue(AssertTrue.java:31)
	at app//org.junit.jupiter.api.Assertions.assertTrue(Assertions.java:183)
	at app//com.smmpanel.service.OfferAssignmentServiceTest.testValidationMethods(OfferAssignmentServiceTest.java:146)
	at java.base@17.0.12/java.lang.reflect.Method.invoke(Method.java:568)
	at java.base@17.0.12/java.util.ArrayList.forEach(ArrayList.java:1511)
	at java.base@17.0.12/java.util.ArrayList.forEach(ArrayList.java:1511)
</failure>
  </testcase>
  <testcase name="testOfferAssignmentWithInvalidOrder()" classname="com.smmpanel.service.OfferAssignmentServiceTest" time="0.004"/>
  <system-out><![CDATA[06:03:31.010 [Test worker] INFO com.smmpanel.service.OfferAssignmentService -- Starting offer assignment for order: 1
06:03:31.034 [Test worker] ERROR com.smmpanel.service.OfferAssignmentService -- No active fixed campaigns found for offer assignment
06:03:31.048 [Test worker] WARN com.smmpanel.service.OfferAssignmentService -- Order does not exist: 1
06:03:31.061 [Test worker] INFO com.smmpanel.service.OfferAssignmentService -- Starting offer assignment for order: 999
06:03:31.061 [Test worker] WARN com.smmpanel.service.OfferAssignmentService -- Order does not exist: 999
]]></system-out>
  <system-err><![CDATA[]]></system-err>
</testsuite>
