<?xml version="1.0" encoding="UTF-8"?>
<testsuite name="com.smmpanel.service.UserCurrencyPreferenceServiceTest" tests="12" skipped="0" failures="0" errors="0" timestamp="2025-07-28T03:03:40" hostname="VALERIA" time="0.141">
  <properties/>
  <testcase name="getExchangeRateFromUserCurrency_ValidCurrencies_ReturnsRate()" classname="com.smmpanel.service.UserCurrencyPreferenceServiceTest" time="0.081"/>
  <testcase name="updateUserPreferredCurrency_ValidCurrency_UpdatesSuccessfully()" classname="com.smmpanel.service.UserCurrencyPreferenceServiceTest" time="0.008"/>
  <testcase name="getSupportedCurrenciesWithUserPreference_ReturnsListWithUserPreferredMarked()" classname="com.smmpanel.service.UserCurrencyPreferenceServiceTest" time="0.007"/>
  <testcase name="convertToUserCurrency_ValidConversion_ReturnsResult()" classname="com.smmpanel.service.UserCurrencyPreferenceServiceTest" time="0.005"/>
  <testcase name="getUserPreferredCurrency_UserNotExists_ReturnsDefaultCurrency()" classname="com.smmpanel.service.UserCurrencyPreferenceServiceTest" time="0.003"/>
  <testcase name="formatForUser_ValidAmount_ReturnsFormattedString()" classname="com.smmpanel.service.UserCurrencyPreferenceServiceTest" time="0.007"/>
  <testcase name="updateUserPreferredCurrency_InvalidCurrency_ThrowsException()" classname="com.smmpanel.service.UserCurrencyPreferenceServiceTest" time="0.006"/>
  <testcase name="clearUserCurrencyCache_ValidUserId_EvictsCache()" classname="com.smmpanel.service.UserCurrencyPreferenceServiceTest" time="0.004"/>
  <testcase name="getUserPreferredCurrency_UserExists_ReturnsPreferredCurrency()" classname="com.smmpanel.service.UserCurrencyPreferenceServiceTest" time="0.003"/>
  <testcase name="getExchangeRateToUserCurrency_ValidCurrencies_ReturnsRate()" classname="com.smmpanel.service.UserCurrencyPreferenceServiceTest" time="0.002"/>
  <testcase name="updateUserPreferredCurrency_UserNotFound_ThrowsException()" classname="com.smmpanel.service.UserCurrencyPreferenceServiceTest" time="0.003"/>
  <testcase name="convertFromUserCurrency_ValidConversion_ReturnsResult()" classname="com.smmpanel.service.UserCurrencyPreferenceServiceTest" time="0.004"/>
  <system-out><![CDATA["2025-07-28 06:03:40 [Test worker] INFO  c.s.s.UserCurrencyPreferenceService - Updated preferred currency for user 1 to GBP
"
"2025-07-28 06:03:40 [Test worker] DEBUG c.s.s.UserCurrencyPreferenceService - Cleared currency preference cache for user 1
"
]]></system-out>
  <system-err><![CDATA[]]></system-err>
</testsuite>
