<?xml version="1.0" encoding="UTF-8"?>
<testsuite name="com.smmpanel.service.CurrencyServiceTest" tests="9" skipped="0" failures="0" errors="0" timestamp="2025-07-28T03:03:39" hostname="VALERIA" time="0.804">
  <properties/>
  <testcase name="getExchangeRate_BaseCurrency_ReturnsOne()" classname="com.smmpanel.service.CurrencyServiceTest" time="0.709"/>
  <testcase name="convertCurrency_DifferentCurrencies_ReturnsConvertedAmount()" classname="com.smmpanel.service.CurrencyServiceTest" time="0.01"/>
  <testcase name="getDecimalPlaces_ValidCurrency_ReturnsCorrectPlaces()" classname="com.smmpanel.service.CurrencyServiceTest" time="0.014"/>
  <testcase name="getExchangeRate_ValidCurrency_ReturnsRate()" classname="com.smmpanel.service.CurrencyServiceTest" time="0.008"/>
  <testcase name="convertCurrency_SameCurrency_ReturnsSameAmount()" classname="com.smmpanel.service.CurrencyServiceTest" time="0.012"/>
  <testcase name="formatCurrency_ValidInput_ReturnsFormattedString()" classname="com.smmpanel.service.CurrencyServiceTest" time="0.009"/>
  <testcase name="getSupportedCurrencies_ReturnsAllCurrencies()" classname="com.smmpanel.service.CurrencyServiceTest" time="0.015"/>
  <testcase name="fetchLatestRates_UpdatesExchangeRates()" classname="com.smmpanel.service.CurrencyServiceTest" time="0.007"/>
  <testcase name="getCurrencySymbol_ValidCurrency_ReturnsSymbol()" classname="com.smmpanel.service.CurrencyServiceTest" time="0.01"/>
  <system-out><![CDATA["2025-07-28 06:03:39 [Test worker] WARN  c.smmpanel.service.CurrencyService - Exchange rate for EUR not in cache, fetching from API
"
"2025-07-28 06:03:39 [Test worker] INFO  c.smmpanel.service.CurrencyService - Updated exchange rates for 3 currencies
"
"2025-07-28 06:03:39 [Test worker] WARN  c.smmpanel.service.CurrencyService - Exchange rate for EUR not in cache, fetching from API
"
"2025-07-28 06:03:39 [Test worker] INFO  c.smmpanel.service.CurrencyService - Updated exchange rates for 3 currencies
"
"2025-07-28 06:03:39 [Test worker] INFO  c.smmpanel.service.CurrencyService - Updated exchange rates for 3 currencies
"
]]></system-out>
  <system-err><![CDATA[]]></system-err>
</testsuite>
