<?xml version="1.0" encoding="UTF-8"?>
<testsuite name="com.smmpanel.service.CurrencyServiceTest" tests="9" skipped="0" failures="0" errors="0" timestamp="2025-07-27T12:03:03" hostname="VALERIA" time="0.173">
  <properties/>
  <testcase name="getExchangeRate_BaseCurrency_ReturnsOne()" classname="com.smmpanel.service.CurrencyServiceTest" time="0.124"/>
  <testcase name="convertCurrency_DifferentCurrencies_ReturnsConvertedAmount()" classname="com.smmpanel.service.CurrencyServiceTest" time="0.009"/>
  <testcase name="getDecimalPlaces_ValidCurrency_ReturnsCorrectPlaces()" classname="com.smmpanel.service.CurrencyServiceTest" time="0.004"/>
  <testcase name="getExchangeRate_ValidCurrency_ReturnsRate()" classname="com.smmpanel.service.CurrencyServiceTest" time="0.006"/>
  <testcase name="convertCurrency_SameCurrency_ReturnsSameAmount()" classname="com.smmpanel.service.CurrencyServiceTest" time="0.005"/>
  <testcase name="formatCurrency_ValidInput_ReturnsFormattedString()" classname="com.smmpanel.service.CurrencyServiceTest" time="0.005"/>
  <testcase name="getSupportedCurrencies_ReturnsAllCurrencies()" classname="com.smmpanel.service.CurrencyServiceTest" time="0.005"/>
  <testcase name="fetchLatestRates_UpdatesExchangeRates()" classname="com.smmpanel.service.CurrencyServiceTest" time="0.006"/>
  <testcase name="getCurrencySymbol_ValidCurrency_ReturnsSymbol()" classname="com.smmpanel.service.CurrencyServiceTest" time="0.004"/>
  <system-out><![CDATA[15:03:03.945 [Test worker] WARN com.smmpanel.service.CurrencyService -- Exchange rate for EUR not in cache, fetching from API
15:03:03.948 [Test worker] INFO com.smmpanel.service.CurrencyService -- Updated exchange rates for 3 currencies
15:03:03.960 [Test worker] WARN com.smmpanel.service.CurrencyService -- Exchange rate for EUR not in cache, fetching from API
15:03:03.961 [Test worker] INFO com.smmpanel.service.CurrencyService -- Updated exchange rates for 3 currencies
15:03:03.983 [Test worker] INFO com.smmpanel.service.CurrencyService -- Updated exchange rates for 3 currencies
]]></system-out>
  <system-err><![CDATA[]]></system-err>
</testsuite>
