<?xml version="1.0" encoding="UTF-8"?>
<testsuite name="com.smmpanel.util.CurrencyUtilsTest" tests="19" skipped="0" failures="2" errors="0" timestamp="2025-07-27T12:03:10" hostname="VALERIA" time="0.069">
  <properties/>
  <testcase name="parseMonetaryValue_WithThousandsSeparators()" classname="com.smmpanel.util.CurrencyUtilsTest" time="0.012">
    <failure message="java.lang.NumberFormatException: Character array contains more than one decimal point." type="java.lang.NumberFormatException">java.lang.NumberFormatException: Character array contains more than one decimal point.
	at java.base/java.math.BigDecimal.&lt;init&gt;(BigDecimal.java:560)
	at java.base/java.math.BigDecimal.&lt;init&gt;(BigDecimal.java:471)
	at java.base/java.math.BigDecimal.&lt;init&gt;(BigDecimal.java:900)
	at com.smmpanel.util.CurrencyUtils.parseMonetaryValue(CurrencyUtils.java:140)
	at com.smmpanel.util.CurrencyUtilsTest.parseMonetaryValue_WithThousandsSeparators(CurrencyUtilsTest.java:122)
	at java.base/java.lang.reflect.Method.invoke(Method.java:568)
	at java.base/java.util.ArrayList.forEach(ArrayList.java:1511)
	at java.base/java.util.ArrayList.forEach(ArrayList.java:1511)
</failure>
  </testcase>
  <testcase name="validateCurrencyCode_UnsupportedCode_ThrowsException()" classname="com.smmpanel.util.CurrencyUtilsTest" time="0.005"/>
  <testcase name="validatePositiveAmount_Null_ThrowsException()" classname="com.smmpanel.util.CurrencyUtilsTest" time="0.003"/>
  <testcase name="formatCurrency_EUR_FormatsWithSymbolAfter()" classname="com.smmpanel.util.CurrencyUtilsTest" time="0.005"/>
  <testcase name="formatCurrency_JPY_RoundsToNoDecimals()" classname="com.smmpanel.util.CurrencyUtilsTest" time="0.003"/>
  <testcase name="parseMonetaryValue_WithEuropeanFormat()" classname="com.smmpanel.util.CurrencyUtilsTest" time="0.002"/>
  <testcase name="roundMonetaryValue_RoundsCorrectly()" classname="com.smmpanel.util.CurrencyUtilsTest" time="0.002"/>
  <testcase name="parseMonetaryValue_WithCommaDecimal()" classname="com.smmpanel.util.CurrencyUtilsTest" time="0.002"/>
  <testcase name="validateCurrencyCode_ValidCode_NoException()" classname="com.smmpanel.util.CurrencyUtilsTest" time="0.002"/>
  <testcase name="formatCurrency_BHD_ThreeDecimalPlaces()" classname="com.smmpanel.util.CurrencyUtilsTest" time="0.002"/>
  <testcase name="validateCurrencyCode_NullCode_ThrowsException()" classname="com.smmpanel.util.CurrencyUtilsTest" time="0.002"/>
  <testcase name="validatePositiveAmount_Negative_ThrowsException()" classname="com.smmpanel.util.CurrencyUtilsTest" time="0.002"/>
  <testcase name="roundMonetaryValue_JPY_RoundsToNoDecimals()" classname="com.smmpanel.util.CurrencyUtilsTest" time="0.002"/>
  <testcase name="formatCurrency_USD_FormatsCorrectly()" classname="com.smmpanel.util.CurrencyUtilsTest" time="0.002"/>
  <testcase name="validatePositiveAmount_Zero_ThrowsException()" classname="com.smmpanel.util.CurrencyUtilsTest" time="0.002"/>
  <testcase name="validatePositiveAmount_ValidAmount_NoException()" classname="com.smmpanel.util.CurrencyUtilsTest" time="0.003"/>
  <testcase name="convertAmount_ConvertsCorrectly()" classname="com.smmpanel.util.CurrencyUtilsTest" time="0.002"/>
  <testcase name="parseMonetaryValue_WithDotDecimal()" classname="com.smmpanel.util.CurrencyUtilsTest" time="0.003">
    <failure message="org.opentest4j.AssertionFailedError: expected: &lt;0&gt; but was: &lt;1&gt;" type="org.opentest4j.AssertionFailedError">org.opentest4j.AssertionFailedError: expected: &lt;0&gt; but was: &lt;1&gt;
	at app//org.junit.jupiter.api.AssertionFailureBuilder.build(AssertionFailureBuilder.java:151)
	at app//org.junit.jupiter.api.AssertionFailureBuilder.buildAndThrow(AssertionFailureBuilder.java:132)
	at app//org.junit.jupiter.api.AssertEquals.failNotEqual(AssertEquals.java:197)
	at app//org.junit.jupiter.api.AssertEquals.assertEquals(AssertEquals.java:150)
	at app//org.junit.jupiter.api.AssertEquals.assertEquals(AssertEquals.java:145)
	at app//org.junit.jupiter.api.Assertions.assertEquals(Assertions.java:531)
	at app//com.smmpanel.util.CurrencyUtilsTest.parseMonetaryValue_WithDotDecimal(CurrencyUtilsTest.java:117)
	at java.base@17.0.12/java.lang.reflect.Method.invoke(Method.java:568)
	at java.base@17.0.12/java.util.ArrayList.forEach(ArrayList.java:1511)
	at java.base@17.0.12/java.util.ArrayList.forEach(ArrayList.java:1511)
</failure>
  </testcase>
  <testcase name="validateCurrencyCode_EmptyCode_ThrowsException()" classname="com.smmpanel.util.CurrencyUtilsTest" time="0.002"/>
  <system-out><![CDATA[]]></system-out>
  <system-err><![CDATA[]]></system-err>
</testsuite>
